0 info it worked if it ends with ok
1 verbose cli [ '/home/austin/.nvm/versions/node/v6.2.0/bin/node',
1 verbose cli   '/home/austin/.nvm/versions/node/v6.2.0/bin/npm',
1 verbose cli   'start' ]
2 info using npm@3.8.9
3 info using node@v6.2.0
4 verbose run-script [ 'prestart', 'start', 'poststart' ]
5 info lifecycle locustwalk@0.0.1~prestart: locustwalk@0.0.1
6 silly lifecycle locustwalk@0.0.1~prestart: no script for prestart, continuing
7 info lifecycle locustwalk@0.0.1~start: locustwalk@0.0.1
8 verbose lifecycle locustwalk@0.0.1~start: unsafe-perm in lifecycle true
9 verbose lifecycle locustwalk@0.0.1~start: PATH: /home/austin/.nvm/versions/node/v6.2.0/lib/node_modules/npm/bin/node-gyp-bin:/media/austin/windows/Users/Austin/Code/SyncedCode/LocustWalk/node_modules/.bin:/home/austin/.nvm/versions/node/v6.2.0/bin:/home/austin/.nvm/versions/node/v6.2.0/bin:/opt/bin:./node_modules/.bin:/usr/local/heroku/bin:/usr/local/sbin:/usr/local/bin:/usr/sbin:/usr/bin:/sbin:/bin:/usr/games:/usr/local/games:/snap/bin:/home/austin/.rvm/bin:/media/austin/windows/Linux/MATLAB/R2015b/bin/:/home/austin/.rvm/bin
10 verbose lifecycle locustwalk@0.0.1~start: CWD: /media/austin/windows/Users/Austin/Code/SyncedCode/LocustWalk
11 silly lifecycle locustwalk@0.0.1~start: Args: [ '-c', 'node app' ]
12 silly lifecycle locustwalk@0.0.1~start: Returned: code: 1  signal: null
13 info lifecycle locustwalk@0.0.1~start: Failed to exec start script
14 verbose stack Error: locustwalk@0.0.1 start: `node app`
14 verbose stack Exit status 1
14 verbose stack     at EventEmitter.<anonymous> (/home/austin/.nvm/versions/node/v6.2.0/lib/node_modules/npm/lib/utils/lifecycle.js:245:16)
14 verbose stack     at emitTwo (events.js:106:13)
14 verbose stack     at EventEmitter.emit (events.js:191:7)
14 verbose stack     at ChildProcess.<anonymous> (/home/austin/.nvm/versions/node/v6.2.0/lib/node_modules/npm/lib/utils/spawn.js:24:14)
14 verbose stack     at emitTwo (events.js:106:13)
14 verbose stack     at ChildProcess.emit (events.js:191:7)
14 verbose stack     at maybeClose (internal/child_process.js:850:16)
14 verbose stack     at Process.ChildProcess._handle.onexit (internal/child_process.js:215:5)
15 verbose pkgid locustwalk@0.0.1
16 verbose cwd /media/austin/windows/Users/Austin/Code/SyncedCode/LocustWalk
17 error Linux 4.4.0-24-generic
18 error argv "/home/austin/.nvm/versions/node/v6.2.0/bin/node" "/home/austin/.nvm/versions/node/v6.2.0/bin/npm" "start"
19 error node v6.2.0
20 error npm  v3.8.9
21 error code ELIFECYCLE
22 error locustwalk@0.0.1 start: `node app`
22 error Exit status 1
23 error Failed at the locustwalk@0.0.1 start script 'node app'.
23 error Make sure you have the latest version of node.js and npm installed.
23 error If you do, this is most likely a problem with the locustwalk package,
23 error not with npm itself.
23 error Tell the author that this fails on your system:
23 error     node app
23 error You can get information on how to open an issue for this project with:
23 error     npm bugs locustwalk
23 error Or if that isn't available, you can get their info via:
23 error     npm owner ls locustwalk
23 error There is likely additional logging output above.
24 verbose exit [ 1, true ]
